2025-10-28 14:44:54 PM INFO: Starting application in development environment 
2025-10-28 14:44:54 PM INFO: MongoDB connected 
2025-10-28 14:44:54 PM INFO: Redis client initialized 
2025-10-28 14:44:54 PM INFO: Redis connected 
2025-10-28 14:44:54 PM INFO: Swagger UI available at /api-docs 
2025-10-28 14:44:54 PM INFO: Express server initialized 
2025-10-28 14:44:54 PM INFO: Server is running on port 3000 
2025-10-28 14:50:11 PM INFO: Auth header for POST /api/chat: Present 
2025-10-28 14:50:11 PM ERROR: Token verification failed: jwt expired 
2025-10-28 14:50:11 PM ERROR: Authentication failed for POST /api/chat: Invalid token: jwt expired 
2025-10-28 14:50:11 PM WARN: POST /api/chat 401 17ms 
{
  "req": {
    "url": "/api/chat",
    "headers": {
      "content-type": "application/json",
      "user-agent": "PostmanRuntime/7.49.0",
      "accept": "*/*",
      "postman-token": "d20e2427-5660-4493-a1aa-2c1307ba7e05",
      "host": "localhost:3000",
      "accept-encoding": "gzip, deflate, br",
      "connection": "keep-alive",
      "content-length": "72"
    },
    "method": "POST",
    "httpVersion": "1.1",
    "originalUrl": "/api/chat",
    "query": {}
  },
  "res": {
    "statusCode": 401
  },
  "responseTime": 17
}
2025-10-28 14:52:40 PM INFO: User registered: 6900caa8aa3620c13aad685b 
2025-10-28 14:52:40 PM INFO: POST /api/auth/register 200 270ms 
{
  "req": {
    "url": "/api/auth/register",
    "headers": {
      "content-type": "application/json",
      "user-agent": "PostmanRuntime/7.49.0",
      "accept": "*/*",
      "postman-token": "a1f32987-fa61-414e-a65b-07dfcb1665a0",
      "host": "localhost:3000",
      "accept-encoding": "gzip, deflate, br",
      "connection": "keep-alive",
      "content-length": "98"
    },
    "method": "POST",
    "httpVersion": "1.1",
    "originalUrl": "/api/auth/register",
    "query": {}
  },
  "res": {
    "statusCode": 200
  },
  "responseTime": 270
}
2025-10-28 14:54:07 PM ERROR: Login failed: Invalid username or password. 
2025-10-28 14:54:07 PM WARN: POST /api/auth/login 401 12ms 
{
  "req": {
    "url": "/api/auth/login",
    "headers": {
      "content-type": "application/json",
      "user-agent": "PostmanRuntime/7.49.0",
      "accept": "*/*",
      "postman-token": "e558aafb-e109-40ad-8402-919d2200bfa5",
      "host": "localhost:3000",
      "accept-encoding": "gzip, deflate, br",
      "connection": "keep-alive",
      "content-length": "59"
    },
    "method": "POST",
    "httpVersion": "1.1",
    "originalUrl": "/api/auth/login",
    "query": {}
  },
  "res": {
    "statusCode": 401
  },
  "responseTime": 12
}
2025-10-28 14:54:36 PM ERROR: Login failed: Invalid username or password. 
2025-10-28 14:54:36 PM WARN: POST /api/auth/login 401 10ms 
{
  "req": {
    "url": "/api/auth/login",
    "headers": {
      "content-type": "application/json",
      "user-agent": "PostmanRuntime/7.49.0",
      "accept": "*/*",
      "postman-token": "0e8cc22a-6afd-4063-b332-252650fb1965",
      "host": "localhost:3000",
      "accept-encoding": "gzip, deflate, br",
      "connection": "keep-alive",
      "content-length": "59"
    },
    "method": "POST",
    "httpVersion": "1.1",
    "originalUrl": "/api/auth/login",
    "query": {}
  },
  "res": {
    "statusCode": 401
  },
  "responseTime": 10
}
2025-10-28 14:54:53 PM ERROR: Login failed: Invalid username or password. 
2025-10-28 14:54:53 PM WARN: POST /api/auth/login 401 8ms 
{
  "req": {
    "url": "/api/auth/login",
    "headers": {
      "content-type": "application/json",
      "user-agent": "PostmanRuntime/7.49.0",
      "accept": "*/*",
      "postman-token": "ede3f8b4-5492-422d-916e-96e3d130bc3b",
      "host": "localhost:3000",
      "accept-encoding": "gzip, deflate, br",
      "connection": "keep-alive",
      "content-length": "59"
    },
    "method": "POST",
    "httpVersion": "1.1",
    "originalUrl": "/api/auth/login",
    "query": {}
  },
  "res": {
    "statusCode": 401
  },
  "responseTime": 8
}
2025-10-28 15:09:57 PM ERROR: Login failed: Invalid username or password. 
2025-10-28 15:09:57 PM WARN: POST /api/auth/login 401 14ms 
{
  "req": {
    "url": "/api/auth/login",
    "headers": {
      "content-type": "application/json",
      "user-agent": "PostmanRuntime/7.49.0",
      "accept": "*/*",
      "postman-token": "3e79c88e-e90a-4aa6-a46e-a2d188105692",
      "host": "localhost:3000",
      "accept-encoding": "gzip, deflate, br",
      "connection": "keep-alive",
      "content-length": "59"
    },
    "method": "POST",
    "httpVersion": "1.1",
    "originalUrl": "/api/auth/login",
    "query": {}
  },
  "res": {
    "statusCode": 401
  },
  "responseTime": 14
}
2025-10-28 15:34:05 PM INFO: Starting application in development environment 
2025-10-28 15:34:05 PM INFO: MongoDB connected 
2025-10-28 15:34:05 PM INFO: Redis client initialized 
2025-10-28 15:34:05 PM INFO: Redis connected 
2025-10-28 15:34:05 PM INFO: Swagger UI available at /api-docs 
2025-10-28 15:34:05 PM INFO: Express server initialized 
2025-10-28 15:34:05 PM INFO: Server is running on port 3000 
2025-10-28 15:34:51 PM ERROR: Register failed: Email is already in use. 
2025-10-28 15:34:51 PM WARN: POST /api/auth/register 409 23ms 
{
  "req": {
    "url": "/api/auth/register",
    "headers": {
      "content-type": "application/json",
      "user-agent": "PostmanRuntime/7.49.0",
      "accept": "*/*",
      "postman-token": "203c264e-5d06-480e-9ae2-5ba8fb4f70c6",
      "host": "localhost:3000",
      "accept-encoding": "gzip, deflate, br",
      "connection": "keep-alive",
      "content-length": "92"
    },
    "method": "POST",
    "httpVersion": "1.1",
    "originalUrl": "/api/auth/register",
    "query": {}
  },
  "res": {
    "statusCode": 409
  },
  "responseTime": 23
}
2025-10-28 15:35:40 PM ERROR: Register failed: Email is already in use. 
2025-10-28 15:35:40 PM WARN: POST /api/auth/register 409 5ms 
{
  "req": {
    "url": "/api/auth/register",
    "headers": {
      "content-type": "application/json",
      "user-agent": "PostmanRuntime/7.49.0",
      "accept": "*/*",
      "postman-token": "6221adf7-3a9c-4767-9b29-217eae3c35c2",
      "host": "localhost:3000",
      "accept-encoding": "gzip, deflate, br",
      "connection": "keep-alive",
      "content-length": "98"
    },
    "method": "POST",
    "httpVersion": "1.1",
    "originalUrl": "/api/auth/register",
    "query": {}
  },
  "res": {
    "statusCode": 409
  },
  "responseTime": 5
}
2025-10-28 15:37:36 PM INFO: User registered: 6900d53038ce155774f8749a 
2025-10-28 15:37:36 PM INFO: POST /api/auth/register 200 208ms 
{
  "req": {
    "url": "/api/auth/register",
    "headers": {
      "content-type": "application/json",
      "user-agent": "PostmanRuntime/7.49.0",
      "accept": "*/*",
      "postman-token": "5e0dc4ea-f68a-4054-aba3-0cf1c780cfd5",
      "host": "localhost:3000",
      "accept-encoding": "gzip, deflate, br",
      "connection": "keep-alive",
      "content-length": "98"
    },
    "method": "POST",
    "httpVersion": "1.1",
    "originalUrl": "/api/auth/register",
    "query": {}
  },
  "res": {
    "statusCode": 200
  },
  "responseTime": 208
}
2025-10-28 15:39:30 PM ERROR: Login failed: Invalid username or password. 
2025-10-28 15:39:30 PM WARN: POST /api/auth/login 401 5ms 
{
  "req": {
    "url": "/api/auth/login",
    "headers": {
      "content-type": "application/json",
      "user-agent": "PostmanRuntime/7.49.0",
      "accept": "*/*",
      "postman-token": "f9fabdca-0a2c-4182-b000-437edf788752",
      "host": "localhost:3000",
      "accept-encoding": "gzip, deflate, br",
      "connection": "keep-alive",
      "content-length": "59"
    },
    "method": "POST",
    "httpVersion": "1.1",
    "originalUrl": "/api/auth/login",
    "query": {}
  },
  "res": {
    "statusCode": 401
  },
  "responseTime": 5
}
2025-10-28 15:54:05 PM INFO: Starting application in development environment 
2025-10-28 15:54:05 PM INFO: MongoDB connected 
2025-10-28 15:54:05 PM INFO: Redis client initialized 
2025-10-28 15:54:05 PM INFO: Redis connected 
2025-10-28 15:54:05 PM INFO: Swagger UI available at /api-docs 
2025-10-28 15:54:05 PM INFO: Express server initialized 
2025-10-28 15:54:05 PM INFO: Server is running on port 3000 
2025-10-28 15:54:09 PM ERROR: Login failed: Invalid username or password. 
2025-10-28 15:54:09 PM WARN: POST /api/auth/login 401 16ms 
{
  "req": {
    "url": "/api/auth/login",
    "headers": {
      "content-type": "application/json",
      "user-agent": "PostmanRuntime/7.49.0",
      "accept": "*/*",
      "postman-token": "21575117-888c-4cc1-b205-f4ba76e057d0",
      "host": "localhost:3000",
      "accept-encoding": "gzip, deflate, br",
      "connection": "keep-alive",
      "content-length": "59"
    },
    "method": "POST",
    "httpVersion": "1.1",
    "originalUrl": "/api/auth/login",
    "query": {}
  },
  "res": {
    "statusCode": 401
  },
  "responseTime": 16
}
2025-10-28 15:54:11 PM ERROR: Login failed: Invalid username or password. 
2025-10-28 15:54:11 PM WARN: POST /api/auth/login 401 3ms 
{
  "req": {
    "url": "/api/auth/login",
    "headers": {
      "content-type": "application/json",
      "user-agent": "PostmanRuntime/7.49.0",
      "accept": "*/*",
      "postman-token": "13876512-0260-4d13-8aeb-12114b132e9c",
      "host": "localhost:3000",
      "accept-encoding": "gzip, deflate, br",
      "connection": "keep-alive",
      "content-length": "59"
    },
    "method": "POST",
    "httpVersion": "1.1",
    "originalUrl": "/api/auth/login",
    "query": {}
  },
  "res": {
    "statusCode": 401
  },
  "responseTime": 3
}
2025-10-28 16:00:59 PM ERROR: Login failed: Invalid username or password. 
2025-10-28 16:00:59 PM WARN: POST /api/auth/login 401 12ms 
{
  "req": {
    "url": "/api/auth/login",
    "headers": {
      "content-type": "application/json",
      "user-agent": "PostmanRuntime/7.49.0",
      "accept": "*/*",
      "postman-token": "08b0f00e-1524-4755-ae98-9d525239b50e",
      "host": "localhost:3000",
      "accept-encoding": "gzip, deflate, br",
      "connection": "keep-alive",
      "content-length": "59"
    },
    "method": "POST",
    "httpVersion": "1.1",
    "originalUrl": "/api/auth/login",
    "query": {}
  },
  "res": {
    "statusCode": 401
  },
  "responseTime": 12
}
2025-10-28 16:01:02 PM ERROR: Login failed: Invalid username or password. 
2025-10-28 16:01:02 PM WARN: POST /api/auth/login 401 4ms 
{
  "req": {
    "url": "/api/auth/login",
    "headers": {
      "content-type": "application/json",
      "user-agent": "PostmanRuntime/7.49.0",
      "accept": "*/*",
      "postman-token": "c610c30c-b332-4f9a-80e3-4cbaef2600cf",
      "host": "localhost:3000",
      "accept-encoding": "gzip, deflate, br",
      "connection": "keep-alive",
      "content-length": "59"
    },
    "method": "POST",
    "httpVersion": "1.1",
    "originalUrl": "/api/auth/login",
    "query": {}
  },
  "res": {
    "statusCode": 401
  },
  "responseTime": 4
}
2025-10-28 16:03:26 PM INFO: Starting application in development environment 
2025-10-28 16:03:26 PM INFO: MongoDB connected 
2025-10-28 16:03:26 PM INFO: Redis client initialized 
2025-10-28 16:03:26 PM INFO: Redis connected 
2025-10-28 16:03:26 PM INFO: Swagger UI available at /api-docs 
2025-10-28 16:03:26 PM INFO: Express server initialized 
2025-10-28 16:03:26 PM INFO: Server is running on port 3000 
2025-10-28 16:03:32 PM INFO: User logged in: 6900d53038ce155774f8749a 
2025-10-28 16:03:32 PM INFO: POST /api/auth/login 200 150ms 
{
  "req": {
    "url": "/api/auth/login",
    "headers": {
      "content-type": "application/json",
      "user-agent": "PostmanRuntime/7.49.0",
      "accept": "*/*",
      "postman-token": "85bb8e1d-4ba7-4d4a-9bbf-2be4d65de067",
      "host": "localhost:3000",
      "accept-encoding": "gzip, deflate, br",
      "connection": "keep-alive",
      "content-length": "59"
    },
    "method": "POST",
    "httpVersion": "1.1",
    "originalUrl": "/api/auth/login",
    "query": {}
  },
  "res": {
    "statusCode": 200
  },
  "responseTime": 150
}
2025-10-28 16:21:19 PM INFO: Starting application in development environment 
2025-10-28 16:21:19 PM INFO: MongoDB connected 
2025-10-28 16:21:19 PM INFO: Redis client initialized 
2025-10-28 16:21:19 PM INFO: Redis connected 
2025-10-28 16:21:19 PM INFO: Swagger UI available at /api-docs 
2025-10-28 16:21:19 PM INFO: Express server initialized 
2025-10-28 16:21:19 PM INFO: Server is running on port 3000 
2025-10-28 16:22:15 PM INFO: Starting application in development environment 
2025-10-28 16:22:15 PM INFO: MongoDB connected 
2025-10-28 16:22:15 PM INFO: Redis client initialized 
2025-10-28 16:22:15 PM INFO: Redis connected 
2025-10-28 16:22:15 PM INFO: Swagger UI available at /api-docs 
2025-10-28 16:22:15 PM INFO: Express server initialized 
2025-10-28 16:22:15 PM INFO: Server is running on port 3000 
