2025-10-15 17:25:02 PM INFO: MongoDB connected 
2025-10-15 17:25:02 PM INFO: Redis connected 
2025-10-15 17:25:02 PM INFO: Server is running on port 3000 
2025-10-15 17:26:07 PM WARN: GET /api/chat/guest 404 2ms 
{
  "req": {
    "url": "/api/chat/guest",
    "headers": {
      "content-type": "application/json",
      "user-agent": "PostmanRuntime/7.48.0",
      "accept": "*/*",
      "postman-token": "4832f16e-e864-4c22-9eb3-49325f9874df",
      "host": "localhost:3000",
      "accept-encoding": "gzip, deflate, br",
      "connection": "keep-alive",
      "content-length": "65"
    },
    "method": "GET",
    "httpVersion": "1.1",
    "originalUrl": "/api/chat/guest",
    "query": {}
  },
  "res": {
    "statusCode": 404
  },
  "responseTime": 2
}
2025-10-15 17:26:27 PM WARN: GET /api/guest 404 1ms 
{
  "req": {
    "url": "/api/guest",
    "headers": {
      "content-type": "application/json",
      "user-agent": "PostmanRuntime/7.48.0",
      "accept": "*/*",
      "postman-token": "f4bbb42e-ad09-416f-b098-71c45b3aaf7a",
      "host": "localhost:3000",
      "accept-encoding": "gzip, deflate, br",
      "connection": "keep-alive",
      "content-length": "65"
    },
    "method": "GET",
    "httpVersion": "1.1",
    "originalUrl": "/api/guest",
    "query": {}
  },
  "res": {
    "statusCode": 404
  },
  "responseTime": 1
}
2025-10-15 17:27:29 PM INFO: Optional auth header for GET /api/auth/guest: Missing 
2025-10-15 17:27:29 PM ERROR: getGuestId: Invalid or missing guest token 
2025-10-15 17:27:29 PM ERROR: getGuestId failed: Invalid or missing guest token 
2025-10-15 17:27:29 PM WARN: GET /api/auth/guest 401 15ms 
{
  "req": {
    "url": "/api/auth/guest",
    "headers": {
      "content-type": "application/json",
      "user-agent": "PostmanRuntime/7.48.0",
      "accept": "*/*",
      "postman-token": "bac6520a-48a1-4a7d-b418-8ad0e97e67e8",
      "host": "localhost:3000",
      "accept-encoding": "gzip, deflate, br",
      "connection": "keep-alive",
      "content-length": "65"
    },
    "method": "GET",
    "httpVersion": "1.1",
    "originalUrl": "/api/auth/guest",
    "query": {}
  },
  "res": {
    "statusCode": 401
  },
  "responseTime": 15
}
2025-10-15 17:27:41 PM INFO: Generated guest ID: cd0e7324-7812-4d9e-b99a-6ab6f08a2dc5 
2025-10-15 17:27:41 PM INFO: POST /api/auth/guest 200 10ms 
{
  "req": {
    "url": "/api/auth/guest",
    "headers": {
      "content-type": "application/json",
      "user-agent": "PostmanRuntime/7.48.0",
      "accept": "*/*",
      "postman-token": "6aa9af28-b092-4982-b8c1-f00f84f48f72",
      "host": "localhost:3000",
      "accept-encoding": "gzip, deflate, br",
      "connection": "keep-alive",
      "content-length": "65"
    },
    "method": "POST",
    "httpVersion": "1.1",
    "originalUrl": "/api/auth/guest",
    "query": {}
  },
  "res": {
    "statusCode": 200
  },
  "responseTime": 10
}
2025-10-15 17:28:19 PM INFO: Optional auth header for GET /api/auth/guest: Missing 
2025-10-15 17:28:19 PM ERROR: getGuestId: Invalid or missing guest token 
2025-10-15 17:28:19 PM ERROR: getGuestId failed: Invalid or missing guest token 
2025-10-15 17:28:19 PM WARN: GET /api/auth/guest 401 4ms 
{
  "req": {
    "url": "/api/auth/guest",
    "headers": {
      "content-type": "application/json",
      "user-agent": "PostmanRuntime/7.48.0",
      "accept": "*/*",
      "postman-token": "ca747c59-798d-48ef-b888-f2de6967f4ed",
      "host": "localhost:3000",
      "accept-encoding": "gzip, deflate, br",
      "connection": "keep-alive",
      "content-length": "65"
    },
    "method": "GET",
    "httpVersion": "1.1",
    "originalUrl": "/api/auth/guest",
    "query": {}
  },
  "res": {
    "statusCode": 401
  },
  "responseTime": 4
}
2025-10-15 17:30:50 PM INFO: Optional auth header for POST /api/chat/guest: Missing 
2025-10-15 17:30:52 PM INFO: GeminiService: Response generated successfully. 
2025-10-15 17:30:52 PM INFO: POST /api/chat/guest 200 1905ms 
{
  "req": {
    "url": "/api/chat/guest",
    "headers": {
      "content-type": "application/json",
      "user-agent": "PostmanRuntime/7.48.0",
      "accept": "*/*",
      "postman-token": "0fa24bfb-3b84-4c36-9885-232448bd86a5",
      "host": "localhost:3000",
      "accept-encoding": "gzip, deflate, br",
      "connection": "keep-alive",
      "content-length": "65"
    },
    "method": "POST",
    "httpVersion": "1.1",
    "originalUrl": "/api/chat/guest",
    "query": {}
  },
  "res": {
    "statusCode": 200
  },
  "responseTime": 1905
}
2025-10-15 17:31:58 PM INFO: MongoDB connected 
2025-10-15 17:31:58 PM INFO: Redis connected 
2025-10-15 17:31:58 PM INFO: Server is running on port 3000 
2025-10-15 17:32:15 PM INFO: Optional auth header for GET /api/auth/guest: Missing 
2025-10-15 17:32:15 PM ERROR: getGuestId failed: guestId is not defined 
2025-10-15 17:32:15 PM WARN: GET /api/auth/guest 404 14ms 
{
  "req": {
    "url": "/api/auth/guest",
    "headers": {
      "content-type": "application/json",
      "user-agent": "PostmanRuntime/7.48.0",
      "accept": "*/*",
      "postman-token": "a2563917-ccb6-4887-8669-e79d189f6d39",
      "host": "localhost:3000",
      "accept-encoding": "gzip, deflate, br",
      "connection": "keep-alive",
      "content-length": "65"
    },
    "method": "GET",
    "httpVersion": "1.1",
    "originalUrl": "/api/auth/guest",
    "query": {}
  },
  "res": {
    "statusCode": 404
  },
  "responseTime": 14
}
2025-10-15 17:32:49 PM INFO: MongoDB connected 
2025-10-15 17:32:49 PM INFO: Redis connected 
2025-10-15 17:32:49 PM INFO: Server is running on port 3000 
2025-10-15 17:33:18 PM INFO: Optional auth header for GET /api/auth/guest: Missing 
2025-10-15 17:33:18 PM ERROR: getGuestId: Invalid or missing guest token 
2025-10-15 17:33:18 PM ERROR: getGuestId failed: Invalid or missing guest token 
2025-10-15 17:33:18 PM WARN: GET /api/auth/guest 401 18ms 
{
  "req": {
    "url": "/api/auth/guest",
    "headers": {
      "content-type": "application/json",
      "user-agent": "PostmanRuntime/7.48.0",
      "accept": "*/*",
      "postman-token": "808d04b7-8b9a-497a-8b5f-465e6c4e4cff",
      "host": "localhost:3000",
      "accept-encoding": "gzip, deflate, br",
      "connection": "keep-alive",
      "content-length": "65"
    },
    "method": "GET",
    "httpVersion": "1.1",
    "originalUrl": "/api/auth/guest",
    "query": {}
  },
  "res": {
    "statusCode": 401
  },
  "responseTime": 18
}
2025-10-15 17:35:18 PM INFO: Optional auth header for GET /api/auth/guest: Present 
2025-10-15 17:35:18 PM INFO: Authenticated guestId: cd0e7324-7812-4d9e-b99a-6ab6f08a2dc5 
2025-10-15 17:35:18 PM INFO: Retrieved guestId: cd0e7324-7812-4d9e-b99a-6ab6f08a2dc5 
2025-10-15 17:35:18 PM INFO: GET /api/auth/guest 200 20ms 
{
  "req": {
    "url": "/api/auth/guest",
    "headers": {
      "content-type": "application/json",
      "user-agent": "PostmanRuntime/7.48.0",
      "accept": "*/*",
      "postman-token": "a53a7e4d-b4d7-4aff-85a8-ad4f4f01eda7",
      "host": "localhost:3000",
      "accept-encoding": "gzip, deflate, br",
      "connection": "keep-alive",
      "content-length": "65"
    },
    "method": "GET",
    "httpVersion": "1.1",
    "originalUrl": "/api/auth/guest",
    "query": {}
  },
  "res": {
    "statusCode": 200
  },
  "responseTime": 20
}
2025-10-15 17:43:14 PM WARN: GET /api/chatguest 404 5ms 
{
  "req": {
    "url": "/api/chatguest",
    "headers": {
      "content-type": "application/json",
      "user-agent": "PostmanRuntime/7.48.0",
      "accept": "*/*",
      "postman-token": "aa5529a6-d4b3-4cfd-af05-b2de180d7727",
      "host": "localhost:3000",
      "accept-encoding": "gzip, deflate, br",
      "connection": "keep-alive",
      "content-length": "65"
    },
    "method": "GET",
    "httpVersion": "1.1",
    "originalUrl": "/api/chatguest",
    "query": {}
  },
  "res": {
    "statusCode": 404
  },
  "responseTime": 5
}
2025-10-15 17:43:21 PM WARN: GET /api/chat/guest 404 2ms 
{
  "req": {
    "url": "/api/chat/guest",
    "headers": {
      "content-type": "application/json",
      "user-agent": "PostmanRuntime/7.48.0",
      "accept": "*/*",
      "postman-token": "2db8cac5-a539-4465-a722-992e8a8ea625",
      "host": "localhost:3000",
      "accept-encoding": "gzip, deflate, br",
      "connection": "keep-alive",
      "content-length": "65"
    },
    "method": "GET",
    "httpVersion": "1.1",
    "originalUrl": "/api/chat/guest",
    "query": {}
  },
  "res": {
    "statusCode": 404
  },
  "responseTime": 2
}
2025-10-15 17:44:16 PM INFO: Optional auth header for GET /api/auth/guest: Present 
2025-10-15 17:44:16 PM INFO: Authenticated guestId: cd0e7324-7812-4d9e-b99a-6ab6f08a2dc5 
2025-10-15 17:44:16 PM INFO: Retrieved guestId: cd0e7324-7812-4d9e-b99a-6ab6f08a2dc5 
2025-10-15 17:44:16 PM INFO: GET /api/auth/guest 200 12ms 
{
  "req": {
    "url": "/api/auth/guest",
    "headers": {
      "content-type": "application/json",
      "user-agent": "PostmanRuntime/7.48.0",
      "accept": "*/*",
      "postman-token": "3deb1396-fba2-4b47-b73e-60720737717a",
      "host": "localhost:3000",
      "accept-encoding": "gzip, deflate, br",
      "connection": "keep-alive",
      "content-length": "65"
    },
    "method": "GET",
    "httpVersion": "1.1",
    "originalUrl": "/api/auth/guest",
    "query": {}
  },
  "res": {
    "statusCode": 200
  },
  "responseTime": 12
}
2025-10-15 17:45:54 PM INFO: GET /api-docs 301 4ms 
{
  "req": {
    "url": "/api-docs",
    "headers": {
      "host": "localhost:3000",
      "connection": "keep-alive",
      "sec-ch-ua": "\"Brave\";v=\"141\", \"Not?A_Brand\";v=\"8\", \"Chromium\";v=\"141\"",
      "sec-ch-ua-mobile": "?0",
      "sec-ch-ua-platform": "\"Windows\"",
      "upgrade-insecure-requests": "1",
      "user-agent": "Mozilla/5.0 (Windows NT 10.0; Win64; x64) AppleWebKit/537.36 (KHTML, like Gecko) Chrome/141.0.0.0 Safari/537.36",
      "accept": "text/html,application/xhtml+xml,application/xml;q=0.9,image/avif,image/webp,image/apng,*/*;q=0.8",
      "sec-gpc": "1",
      "accept-language": "en-GB,en;q=0.8",
      "sec-fetch-site": "none",
      "sec-fetch-mode": "navigate",
      "sec-fetch-user": "?1",
      "sec-fetch-dest": "document",
      "accept-encoding": "gzip, deflate, br, zstd"
    },
    "method": "GET",
    "httpVersion": "1.1",
    "originalUrl": "/api-docs",
    "query": {}
  },
  "res": {
    "statusCode": 301
  },
  "responseTime": 4
}
2025-10-15 17:45:54 PM INFO: GET /api-docs/ 200 5ms 
{
  "req": {
    "url": "/api-docs/",
    "headers": {
      "host": "localhost:3000",
      "connection": "keep-alive",
      "upgrade-insecure-requests": "1",
      "user-agent": "Mozilla/5.0 (Windows NT 10.0; Win64; x64) AppleWebKit/537.36 (KHTML, like Gecko) Chrome/141.0.0.0 Safari/537.36",
      "accept": "text/html,application/xhtml+xml,application/xml;q=0.9,image/avif,image/webp,image/apng,*/*;q=0.8",
      "sec-gpc": "1",
      "accept-language": "en-GB,en;q=0.8",
      "sec-fetch-site": "none",
      "sec-fetch-mode": "navigate",
      "sec-fetch-user": "?1",
      "sec-fetch-dest": "document",
      "sec-ch-ua": "\"Brave\";v=\"141\", \"Not?A_Brand\";v=\"8\", \"Chromium\";v=\"141\"",
      "sec-ch-ua-mobile": "?0",
      "sec-ch-ua-platform": "\"Windows\"",
      "accept-encoding": "gzip, deflate, br, zstd"
    },
    "method": "GET",
    "httpVersion": "1.1",
    "originalUrl": "/api-docs/",
    "query": {}
  },
  "res": {
    "statusCode": 200
  },
  "responseTime": 5
}
2025-10-15 17:45:54 PM INFO: GET /api-docs/swagger-ui-init.js 200 1ms 
{
  "req": {
    "url": "/api-docs/swagger-ui-init.js",
    "headers": {
      "host": "localhost:3000",
      "connection": "keep-alive",
      "sec-ch-ua-platform": "\"Windows\"",
      "user-agent": "Mozilla/5.0 (Windows NT 10.0; Win64; x64) AppleWebKit/537.36 (KHTML, like Gecko) Chrome/141.0.0.0 Safari/537.36",
      "sec-ch-ua": "\"Brave\";v=\"141\", \"Not?A_Brand\";v=\"8\", \"Chromium\";v=\"141\"",
      "sec-ch-ua-mobile": "?0",
      "accept": "*/*",
      "sec-gpc": "1",
      "accept-language": "en-GB,en;q=0.8",
      "sec-fetch-site": "same-origin",
      "sec-fetch-mode": "no-cors",
      "sec-fetch-dest": "script",
      "referer": "http://localhost:3000/api-docs/",
      "accept-encoding": "gzip, deflate, br, zstd"
    },
    "method": "GET",
    "httpVersion": "1.1",
    "originalUrl": "/api-docs/swagger-ui-init.js",
    "query": {}
  },
  "res": {
    "statusCode": 200
  },
  "responseTime": 1
}
2025-10-15 17:45:54 PM INFO: GET /api-docs/swagger-ui.css 200 24ms 
{
  "req": {
    "url": "/api-docs/swagger-ui.css",
    "headers": {
      "host": "localhost:3000",
      "connection": "keep-alive",
      "sec-ch-ua-platform": "\"Windows\"",
      "user-agent": "Mozilla/5.0 (Windows NT 10.0; Win64; x64) AppleWebKit/537.36 (KHTML, like Gecko) Chrome/141.0.0.0 Safari/537.36",
      "sec-ch-ua": "\"Brave\";v=\"141\", \"Not?A_Brand\";v=\"8\", \"Chromium\";v=\"141\"",
      "sec-ch-ua-mobile": "?0",
      "accept": "text/css,*/*;q=0.1",
      "sec-gpc": "1",
      "accept-language": "en-GB,en;q=0.8",
      "sec-fetch-site": "same-origin",
      "sec-fetch-mode": "no-cors",
      "sec-fetch-dest": "style",
      "referer": "http://localhost:3000/api-docs/",
      "accept-encoding": "gzip, deflate, br, zstd"
    },
    "method": "GET",
    "httpVersion": "1.1",
    "originalUrl": "/api-docs/swagger-ui.css",
    "query": {}
  },
  "res": {
    "statusCode": 200
  },
  "responseTime": 24
}
2025-10-15 17:45:54 PM INFO: GET /api-docs/swagger-ui-standalone-preset.js 200 26ms 
{
  "req": {
    "url": "/api-docs/swagger-ui-standalone-preset.js",
    "headers": {
      "host": "localhost:3000",
      "connection": "keep-alive",
      "sec-ch-ua-platform": "\"Windows\"",
      "user-agent": "Mozilla/5.0 (Windows NT 10.0; Win64; x64) AppleWebKit/537.36 (KHTML, like Gecko) Chrome/141.0.0.0 Safari/537.36",
      "sec-ch-ua": "\"Brave\";v=\"141\", \"Not?A_Brand\";v=\"8\", \"Chromium\";v=\"141\"",
      "sec-ch-ua-mobile": "?0",
      "accept": "*/*",
      "sec-gpc": "1",
      "accept-language": "en-GB,en;q=0.8",
      "sec-fetch-site": "same-origin",
      "sec-fetch-mode": "no-cors",
      "sec-fetch-dest": "script",
      "referer": "http://localhost:3000/api-docs/",
      "accept-encoding": "gzip, deflate, br, zstd"
    },
    "method": "GET",
    "httpVersion": "1.1",
    "originalUrl": "/api-docs/swagger-ui-standalone-preset.js",
    "query": {}
  },
  "res": {
    "statusCode": 200
  },
  "responseTime": 26
}
2025-10-15 17:45:54 PM INFO: GET /api-docs/swagger-ui-bundle.js 200 75ms 
{
  "req": {
    "url": "/api-docs/swagger-ui-bundle.js",
    "headers": {
      "host": "localhost:3000",
      "connection": "keep-alive",
      "sec-ch-ua-platform": "\"Windows\"",
      "user-agent": "Mozilla/5.0 (Windows NT 10.0; Win64; x64) AppleWebKit/537.36 (KHTML, like Gecko) Chrome/141.0.0.0 Safari/537.36",
      "sec-ch-ua": "\"Brave\";v=\"141\", \"Not?A_Brand\";v=\"8\", \"Chromium\";v=\"141\"",
      "sec-ch-ua-mobile": "?0",
      "accept": "*/*",
      "sec-gpc": "1",
      "accept-language": "en-GB,en;q=0.8",
      "sec-fetch-site": "same-origin",
      "sec-fetch-mode": "no-cors",
      "sec-fetch-dest": "script",
      "referer": "http://localhost:3000/api-docs/",
      "accept-encoding": "gzip, deflate, br, zstd"
    },
    "method": "GET",
    "httpVersion": "1.1",
    "originalUrl": "/api-docs/swagger-ui-bundle.js",
    "query": {}
  },
  "res": {
    "statusCode": 200
  },
  "responseTime": 75
}
2025-10-15 17:47:29 PM INFO: createUser: Merged guest history for guestId cd0e7324-7812-4d9e-b99a-6ab6f08a2dc5 to userID 68efd021e9d246646f31ab41 
2025-10-15 17:47:29 PM INFO: User registered: 68efd021e9d246646f31ab41 
2025-10-15 17:47:29 PM INFO: POST /api/auth/register 200 287ms 
{
  "req": {
    "url": "/api/auth/register",
    "headers": {
      "content-type": "application/json",
      "user-agent": "PostmanRuntime/7.48.0",
      "accept": "*/*",
      "postman-token": "6a50f249-45b9-48ef-9b25-9ab01cd754c9",
      "host": "localhost:3000",
      "accept-encoding": "gzip, deflate, br",
      "connection": "keep-alive",
      "content-length": "143"
    },
    "method": "POST",
    "httpVersion": "1.1",
    "originalUrl": "/api/auth/register",
    "query": {}
  },
  "res": {
    "statusCode": 200
  },
  "responseTime": 287
}
2025-10-15 17:48:19 PM WARN: GET /api/chat 404 0ms 
{
  "req": {
    "url": "/api/chat",
    "headers": {
      "content-type": "application/json",
      "user-agent": "PostmanRuntime/7.48.0",
      "accept": "*/*",
      "postman-token": "2f371c3b-a3e7-4685-a686-d307bfd2c7d7",
      "host": "localhost:3000",
      "accept-encoding": "gzip, deflate, br",
      "connection": "keep-alive",
      "content-length": "143"
    },
    "method": "GET",
    "httpVersion": "1.1",
    "originalUrl": "/api/chat",
    "query": {}
  },
  "res": {
    "statusCode": 404
  },
  "responseTime": 0
}
2025-10-15 17:48:32 PM INFO: Auth header for GET /api/chat/history: Present 
2025-10-15 17:48:32 PM INFO: Decoded token: {"id":"68efd021e9d246646f31ab41","isAdmin":false,"iat":1760546849,"exp":1760633249} 
2025-10-15 17:48:32 PM INFO: Authenticated userID: 68efd021e9d246646f31ab41 
2025-10-15 17:48:32 PM INFO: Serving cached response for key: /api/chat/history 
2025-10-15 17:48:32 PM INFO: GET /api/chat/history 200 10ms 
{
  "req": {
    "url": "/api/chat/history",
    "headers": {
      "content-type": "application/json",
      "user-agent": "PostmanRuntime/7.48.0",
      "accept": "*/*",
      "postman-token": "17700e82-3402-45f7-8c9f-39b8e463723b",
      "host": "localhost:3000",
      "accept-encoding": "gzip, deflate, br",
      "connection": "keep-alive",
      "content-length": "143"
    },
    "method": "GET",
    "httpVersion": "1.1",
    "originalUrl": "/api/chat/history",
    "query": {}
  },
  "res": {
    "statusCode": 200
  },
  "responseTime": 10
}
2025-10-15 22:47:57 PM INFO: MongoDB connected 
2025-10-15 22:47:57 PM INFO: Redis connected 
2025-10-15 22:47:57 PM INFO: Server is running on port 3000 
2025-10-15 22:49:08 PM INFO: Auth header for POST /api/chat: Present 
2025-10-15 22:49:08 PM INFO: Decoded token: {"id":"68efd021e9d246646f31ab41","isAdmin":false,"iat":1760546849,"exp":1760633249} 
2025-10-15 22:49:08 PM INFO: Authenticated userID: 68efd021e9d246646f31ab41 
2025-10-15 22:49:10 PM INFO: GeminiService: Response generated successfully. 
2025-10-15 22:49:10 PM WARN: POST /api/chat 400 1790ms 
{
  "req": {
    "url": "/api/chat",
    "headers": {
      "content-type": "application/json",
      "user-agent": "PostmanRuntime/7.48.0",
      "accept": "*/*",
      "postman-token": "216cdfd4-8fa9-444f-b898-96be08ceeda9",
      "host": "localhost:3000",
      "accept-encoding": "gzip, deflate, br",
      "connection": "keep-alive",
      "content-length": "42"
    },
    "method": "POST",
    "httpVersion": "1.1",
    "originalUrl": "/api/chat",
    "query": {}
  },
  "res": {
    "statusCode": 400
  },
  "responseTime": 1790
}
2025-10-15 22:49:44 PM INFO: Auth header for POST /api/chat: Present 
2025-10-15 22:49:44 PM INFO: Decoded token: {"id":"68efd021e9d246646f31ab41","isAdmin":false,"iat":1760546849,"exp":1760633249} 
2025-10-15 22:49:44 PM INFO: Authenticated userID: 68efd021e9d246646f31ab41 
2025-10-15 22:49:45 PM INFO: GeminiService: Response generated successfully. 
2025-10-15 22:49:47 PM INFO: GeminiService: Response generated successfully. 
2025-10-15 22:49:47 PM INFO: POST /api/chat 200 2887ms 
{
  "req": {
    "url": "/api/chat",
    "headers": {
      "content-type": "application/json",
      "user-agent": "PostmanRuntime/7.48.0",
      "accept": "*/*",
      "postman-token": "ae1c0c57-26ba-4a35-b433-8af71270d91c",
      "host": "localhost:3000",
      "accept-encoding": "gzip, deflate, br",
      "connection": "keep-alive",
      "content-length": "58"
    },
    "method": "POST",
    "httpVersion": "1.1",
    "originalUrl": "/api/chat",
    "query": {}
  },
  "res": {
    "statusCode": 200
  },
  "responseTime": 2887
}
2025-10-15 22:50:52 PM INFO: Auth header for POST /api/chat: Present 
2025-10-15 22:50:52 PM INFO: Decoded token: {"id":"68efd021e9d246646f31ab41","isAdmin":false,"iat":1760546849,"exp":1760633249} 
2025-10-15 22:50:52 PM INFO: Authenticated userID: 68efd021e9d246646f31ab41 
2025-10-15 22:50:53 PM INFO: GeminiService: Response generated successfully. 
2025-10-15 22:50:56 PM INFO: GeminiService: Response generated successfully. 
2025-10-15 22:50:56 PM INFO: POST /api/chat 200 4849ms 
{
  "req": {
    "url": "/api/chat",
    "headers": {
      "content-type": "application/json",
      "user-agent": "PostmanRuntime/7.48.0",
      "accept": "*/*",
      "postman-token": "0c710dbe-b5c7-4fb9-9347-5408780a2616",
      "host": "localhost:3000",
      "accept-encoding": "gzip, deflate, br",
      "connection": "keep-alive",
      "content-length": "50"
    },
    "method": "POST",
    "httpVersion": "1.1",
    "originalUrl": "/api/chat",
    "query": {}
  },
  "res": {
    "statusCode": 200
  },
  "responseTime": 4849
}
2025-10-15 22:51:36 PM INFO: Auth header for POST /api/chat: Present 
2025-10-15 22:51:36 PM INFO: Decoded token: {"id":"68efd021e9d246646f31ab41","isAdmin":false,"iat":1760546849,"exp":1760633249} 
2025-10-15 22:51:36 PM INFO: Authenticated userID: 68efd021e9d246646f31ab41 
2025-10-15 22:51:37 PM INFO: GeminiService: Response generated successfully. 
2025-10-15 22:51:37 PM WARN: POST /api/chat 400 1300ms 
{
  "req": {
    "url": "/api/chat",
    "headers": {
      "content-type": "application/json",
      "user-agent": "PostmanRuntime/7.48.0",
      "accept": "*/*",
      "postman-token": "869e491f-8ca0-434b-9628-0d20d1f01ffd",
      "host": "localhost:3000",
      "accept-encoding": "gzip, deflate, br",
      "connection": "keep-alive",
      "content-length": "46"
    },
    "method": "POST",
    "httpVersion": "1.1",
    "originalUrl": "/api/chat",
    "query": {}
  },
  "res": {
    "statusCode": 400
  },
  "responseTime": 1300
}
2025-10-15 23:08:10 PM INFO: Auth header for POST /api/chat: Present 
2025-10-15 23:08:10 PM INFO: Decoded token: {"id":"68efd021e9d246646f31ab41","isAdmin":false,"iat":1760546849,"exp":1760633249} 
2025-10-15 23:08:10 PM INFO: Authenticated userID: 68efd021e9d246646f31ab41 
2025-10-15 23:08:12 PM INFO: GeminiService: Response generated successfully. 
2025-10-15 23:08:12 PM WARN: POST /api/chat 400 2031ms 
{
  "req": {
    "url": "/api/chat",
    "headers": {
      "content-type": "application/json",
      "user-agent": "PostmanRuntime/7.48.0",
      "accept": "*/*",
      "postman-token": "7ef089d5-8a76-434b-9c0a-49abd877c161",
      "host": "localhost:3000",
      "accept-encoding": "gzip, deflate, br",
      "connection": "keep-alive",
      "content-length": "79"
    },
    "method": "POST",
    "httpVersion": "1.1",
    "originalUrl": "/api/chat",
    "query": {}
  },
  "res": {
    "statusCode": 400
  },
  "responseTime": 2031
}
2025-10-15 23:08:52 PM INFO: Auth header for POST /api/chat: Present 
2025-10-15 23:08:52 PM INFO: Decoded token: {"id":"68efd021e9d246646f31ab41","isAdmin":false,"iat":1760546849,"exp":1760633249} 
2025-10-15 23:08:52 PM INFO: Authenticated userID: 68efd021e9d246646f31ab41 
2025-10-15 23:08:54 PM INFO: GeminiService: Response generated successfully. 
2025-10-15 23:08:57 PM INFO: GeminiService: Response generated successfully. 
2025-10-15 23:08:57 PM INFO: POST /api/chat 200 4222ms 
{
  "req": {
    "url": "/api/chat",
    "headers": {
      "content-type": "application/json",
      "user-agent": "PostmanRuntime/7.48.0",
      "accept": "*/*",
      "postman-token": "a40e3309-f196-45e3-82a1-3ae1c4f1a04f",
      "host": "localhost:3000",
      "accept-encoding": "gzip, deflate, br",
      "connection": "keep-alive",
      "content-length": "62"
    },
    "method": "POST",
    "httpVersion": "1.1",
    "originalUrl": "/api/chat",
    "query": {}
  },
  "res": {
    "statusCode": 200
  },
  "responseTime": 4222
}
