2025-10-13 16:05:30 PM INFO: Loaded environment variables from .env.development for NODE_ENV=development 
2025-10-13 16:05:31 PM INFO: MongoDB connected 
2025-10-13 16:05:31 PM INFO: Redis connected 
2025-10-13 16:05:31 PM INFO: Server is running on port 3000 
2025-10-13 16:07:13 PM INFO: Received SIGINT. Initiating graceful shutdown... 
2025-10-13 16:07:13 PM INFO: MongoDB disconnected 
2025-10-13 16:07:13 PM INFO: MongoDB disconnected 
2025-10-13 16:07:13 PM INFO: Redis disconnected 
2025-10-13 16:08:38 PM INFO: MongoDB connected 
2025-10-13 16:08:38 PM INFO: Redis connected 
2025-10-13 16:08:38 PM INFO: Server is running on port 3000 
2025-10-13 16:08:50 PM INFO: Received SIGINT. Initiating graceful shutdown... 
2025-10-13 16:08:50 PM INFO: MongoDB disconnected 
2025-10-13 16:08:50 PM INFO: MongoDB disconnected 
2025-10-13 16:08:50 PM INFO: Redis disconnected 
2025-10-13 16:09:58 PM INFO: MongoDB connected 
2025-10-13 16:09:58 PM INFO: Redis connected 
2025-10-13 16:09:58 PM INFO: Server is running on port 3000 
2025-10-13 16:10:06 PM INFO: Received SIGINT. Initiating graceful shutdown... 
2025-10-13 16:10:06 PM INFO: MongoDB disconnected 
2025-10-13 16:10:06 PM INFO: MongoDB disconnected 
2025-10-13 16:10:06 PM INFO: Redis disconnected 
2025-10-13 16:33:15 PM INFO: MongoDB connected 
2025-10-13 16:33:15 PM INFO: Redis connected 
2025-10-13 16:33:15 PM INFO: Server is running on port 3000 
2025-10-13 16:36:37 PM INFO: User registered: 68ed1c84fb78deb21be548da 
2025-10-13 16:36:37 PM ERROR: middlewareError 
{
  "error": {},
  "level": "error",
  "message": "uncaughtException: HttpStatus is not defined\nReferenceError: HttpStatus is not defined\n    at register (file:///home/mdstorms/diagnosy/backend/controllers/authentication.js:23:22)\n    at process.processTicksAndRejections (node:internal/process/task_queues:95:5)",
  "stack": "ReferenceError: HttpStatus is not defined\n    at register (file:///home/mdstorms/diagnosy/backend/controllers/authentication.js:23:22)\n    at process.processTicksAndRejections (node:internal/process/task_queues:95:5)",
  "exception": true,
  "date": "Mon Oct 13 2025 16:36:37 GMT+0100 (West Africa Standard Time)",
  "process": {
    "pid": 4804,
    "uid": 1000,
    "gid": 1000,
    "cwd": "/home/mdstorms/diagnosy/backend",
    "execPath": "/usr/bin/node",
    "version": "v18.19.1",
    "argv": [
      "/usr/bin/node",
      "/home/mdstorms/diagnosy/backend/server.js"
    ],
    "memoryUsage": {
      "rss": 95158272,
      "heapTotal": 35840000,
      "heapUsed": 31420056,
      "external": 20911790,
      "arrayBuffers": 18353413
    }
  },
  "os": {
    "loadavg": [
      0.02,
      0.09,
      0.08
    ],
    "uptime": 18978.48
  },
  "trace": [
    {
      "column": 22,
      "file": "file:///home/mdstorms/diagnosy/backend/controllers/authentication.js",
      "function": "register",
      "line": 23,
      "method": null,
      "native": false
    },
    {
      "column": 5,
      "file": "node:internal/process/task_queues",
      "function": "process.processTicksAndRejections",
      "line": 95,
      "method": "processTicksAndRejections",
      "native": false
    }
  ],
  "req": {
    "url": "/api/auth/register",
    "headers": {
      "content-type": "application/json",
      "user-agent": "PostmanRuntime/7.48.0",
      "accept": "*/*",
      "postman-token": "faf20f00-8646-40ca-b44c-58a0fe344ae4",
      "host": "localhost:3000",
      "accept-encoding": "gzip, deflate, br",
      "connection": "keep-alive",
      "content-length": "92"
    },
    "method": "POST",
    "httpVersion": "1.1",
    "originalUrl": "/api/auth/register",
    "query": {}
  }
}
2025-10-13 16:36:37 PM ERROR: Error: HttpStatus is not defined, Stack: ReferenceError: HttpStatus is not defined
    at register (file:///home/mdstorms/diagnosy/backend/controllers/authentication.js:23:22)
    at process.processTicksAndRejections (node:internal/process/task_queues:95:5) 
2025-10-13 16:36:37 PM ERROR: POST /api/auth/register 500 387ms 
{
  "req": {
    "url": "/api/auth/register",
    "headers": {
      "content-type": "application/json",
      "user-agent": "PostmanRuntime/7.48.0",
      "accept": "*/*",
      "postman-token": "faf20f00-8646-40ca-b44c-58a0fe344ae4",
      "host": "localhost:3000",
      "accept-encoding": "gzip, deflate, br",
      "connection": "keep-alive",
      "content-length": "92"
    },
    "method": "POST",
    "httpVersion": "1.1",
    "originalUrl": "/api/auth/register",
    "query": {}
  },
  "res": {
    "statusCode": 500
  },
  "responseTime": 387
}
2025-10-13 16:39:16 PM INFO: Received SIGINT. Initiating graceful shutdown... 
2025-10-13 16:39:16 PM INFO: MongoDB disconnected 
2025-10-13 16:39:16 PM INFO: MongoDB disconnected 
2025-10-13 16:39:16 PM INFO: Redis disconnected 
2025-10-13 16:39:40 PM INFO: MongoDB connected 
2025-10-13 16:39:40 PM INFO: Redis connected 
2025-10-13 16:39:40 PM INFO: Server is running on port 3000 
2025-10-13 16:41:02 PM INFO: Received SIGINT. Initiating graceful shutdown... 
2025-10-13 16:41:02 PM INFO: MongoDB disconnected 
2025-10-13 16:41:02 PM INFO: MongoDB disconnected 
2025-10-13 16:55:53 PM INFO: MongoDB connected 
2025-10-13 16:55:53 PM INFO: Redis connected 
2025-10-13 16:55:53 PM INFO: Server is running on port 3000 
2025-10-13 16:56:00 PM ERROR: Register failed: Email is already in use. 
2025-10-13 16:56:00 PM WARN: POST /api/auth/register 409 42ms 
{
  "req": {
    "url": "/api/auth/register",
    "headers": {
      "content-type": "application/json",
      "user-agent": "PostmanRuntime/7.48.0",
      "accept": "*/*",
      "postman-token": "d9899232-b715-4bb0-8748-1e13590eb5b3",
      "host": "localhost:3000",
      "accept-encoding": "gzip, deflate, br",
      "connection": "keep-alive",
      "content-length": "92"
    },
    "method": "POST",
    "httpVersion": "1.1",
    "originalUrl": "/api/auth/register",
    "query": {}
  },
  "res": {
    "statusCode": 409
  },
  "responseTime": 42
}
2025-10-13 16:58:10 PM INFO: User logged in: 68ed1c84fb78deb21be548da 
2025-10-13 16:58:10 PM INFO: POST /api/auth/login 200 274ms 
{
  "req": {
    "url": "/api/auth/login",
    "headers": {
      "content-type": "application/json",
      "user-agent": "PostmanRuntime/7.48.0",
      "accept": "*/*",
      "postman-token": "4ab0b2e9-e571-468c-bf03-8542ad055014",
      "host": "localhost:3000",
      "accept-encoding": "gzip, deflate, br",
      "connection": "keep-alive",
      "content-length": "60"
    },
    "method": "POST",
    "httpVersion": "1.1",
    "originalUrl": "/api/auth/login",
    "query": {}
  },
  "res": {
    "statusCode": 200
  },
  "responseTime": 274
}
2025-10-13 17:00:00 PM WARN: POST /api/chat 401 2ms 
{
  "req": {
    "url": "/api/chat",
    "headers": {
      "content-type": "application/json",
      "user-agent": "PostmanRuntime/7.48.0",
      "accept": "*/*",
      "postman-token": "c093d1fe-c06f-4369-bf73-c06476e389ac",
      "host": "localhost:3000",
      "accept-encoding": "gzip, deflate, br",
      "connection": "keep-alive",
      "content-length": "38"
    },
    "method": "POST",
    "httpVersion": "1.1",
    "originalUrl": "/api/chat",
    "query": {}
  },
  "res": {
    "statusCode": 401
  },
  "responseTime": 2
}
2025-10-13 17:01:25 PM ERROR: Token verification failed: jwt expired 
2025-10-13 17:01:25 PM WARN: POST /api/chat 401 20ms 
{
  "req": {
    "url": "/api/chat",
    "headers": {
      "content-type": "application/json",
      "user-agent": "PostmanRuntime/7.48.0",
      "accept": "*/*",
      "postman-token": "a323fc64-63d9-4784-b120-dcbe2adb6a8e",
      "host": "localhost:3000",
      "accept-encoding": "gzip, deflate, br",
      "connection": "keep-alive",
      "content-length": "38"
    },
    "method": "POST",
    "httpVersion": "1.1",
    "originalUrl": "/api/chat",
    "query": {}
  },
  "res": {
    "statusCode": 401
  },
  "responseTime": 20
}
2025-10-13 17:02:16 PM ERROR: Token verification failed: jwt expired 
2025-10-13 17:02:16 PM WARN: POST /api/chat 401 15ms 
{
  "req": {
    "url": "/api/chat",
    "headers": {
      "content-type": "application/json",
      "user-agent": "PostmanRuntime/7.48.0",
      "accept": "*/*",
      "postman-token": "60070f65-0763-40d7-974a-bfbaa3e66587",
      "host": "localhost:3000",
      "accept-encoding": "gzip, deflate, br",
      "connection": "keep-alive",
      "content-length": "38"
    },
    "method": "POST",
    "httpVersion": "1.1",
    "originalUrl": "/api/chat",
    "query": {}
  },
  "res": {
    "statusCode": 401
  },
  "responseTime": 15
}
2025-10-13 17:02:18 PM ERROR: Token verification failed: jwt expired 
2025-10-13 17:02:18 PM WARN: POST /api/chat 401 6ms 
{
  "req": {
    "url": "/api/chat",
    "headers": {
      "content-type": "application/json",
      "user-agent": "PostmanRuntime/7.48.0",
      "accept": "*/*",
      "postman-token": "35a5669f-2c76-4e2b-9b6c-a161328e7230",
      "host": "localhost:3000",
      "accept-encoding": "gzip, deflate, br",
      "connection": "keep-alive",
      "content-length": "38"
    },
    "method": "POST",
    "httpVersion": "1.1",
    "originalUrl": "/api/chat",
    "query": {}
  },
  "res": {
    "statusCode": 401
  },
  "responseTime": 6
}
2025-10-13 17:03:53 PM ERROR: Login failed: Invalid username or password. 
2025-10-13 17:03:53 PM WARN: POST /api/auth/login 401 17ms 
{
  "req": {
    "url": "/api/auth/login",
    "headers": {
      "content-type": "application/json",
      "user-agent": "PostmanRuntime/7.48.0",
      "accept": "*/*",
      "postman-token": "b1d72b02-7087-41fe-9dd2-75161cf8df7c",
      "host": "localhost:3000",
      "accept-encoding": "gzip, deflate, br",
      "connection": "keep-alive",
      "content-length": "57"
    },
    "method": "POST",
    "httpVersion": "1.1",
    "originalUrl": "/api/auth/login",
    "query": {}
  },
  "res": {
    "statusCode": 401
  },
  "responseTime": 17
}
2025-10-13 17:04:11 PM INFO: User logged in: 68ed1c84fb78deb21be548da 
2025-10-13 17:04:11 PM INFO: POST /api/auth/login 200 199ms 
{
  "req": {
    "url": "/api/auth/login",
    "headers": {
      "content-type": "application/json",
      "user-agent": "PostmanRuntime/7.48.0",
      "accept": "*/*",
      "postman-token": "65841ed0-762c-47cb-82c0-7b43d8855a33",
      "host": "localhost:3000",
      "accept-encoding": "gzip, deflate, br",
      "connection": "keep-alive",
      "content-length": "60"
    },
    "method": "POST",
    "httpVersion": "1.1",
    "originalUrl": "/api/auth/login",
    "query": {}
  },
  "res": {
    "statusCode": 200
  },
  "responseTime": 199
}
2025-10-13 17:05:13 PM WARN: POST /api/chat 401 1ms 
{
  "req": {
    "url": "/api/chat",
    "headers": {
      "content-type": "application/json",
      "user-agent": "PostmanRuntime/7.48.0",
      "accept": "*/*",
      "postman-token": "df539c6d-307b-46cc-a245-46a4c6c49bc5",
      "host": "localhost:3000",
      "accept-encoding": "gzip, deflate, br",
      "connection": "keep-alive",
      "content-length": "39"
    },
    "method": "POST",
    "httpVersion": "1.1",
    "originalUrl": "/api/chat",
    "query": {}
  },
  "res": {
    "statusCode": 401
  },
  "responseTime": 1
}
2025-10-13 17:07:26 PM ERROR: Token verification failed: jwt expired 
2025-10-13 17:07:26 PM WARN: POST /api/chat 401 20ms 
{
  "req": {
    "url": "/api/chat",
    "headers": {
      "content-type": "application/json",
      "user-agent": "PostmanRuntime/7.48.0",
      "accept": "*/*",
      "postman-token": "5bb3f506-480e-4589-baba-7ab4c5fa781c",
      "host": "localhost:3000",
      "accept-encoding": "gzip, deflate, br",
      "connection": "keep-alive",
      "content-length": "39"
    },
    "method": "POST",
    "httpVersion": "1.1",
    "originalUrl": "/api/chat",
    "query": {}
  },
  "res": {
    "statusCode": 401
  },
  "responseTime": 20
}
2025-10-13 17:07:33 PM ERROR: Token verification failed: jwt expired 
2025-10-13 17:07:33 PM WARN: POST /api/chat 401 7ms 
{
  "req": {
    "url": "/api/chat",
    "headers": {
      "content-type": "application/json",
      "user-agent": "PostmanRuntime/7.48.0",
      "accept": "*/*",
      "postman-token": "f0f081ed-b4ef-4dd2-8ea5-02af10aad721",
      "host": "localhost:3000",
      "accept-encoding": "gzip, deflate, br",
      "connection": "keep-alive",
      "content-length": "39"
    },
    "method": "POST",
    "httpVersion": "1.1",
    "originalUrl": "/api/chat",
    "query": {}
  },
  "res": {
    "statusCode": 401
  },
  "responseTime": 7
}
2025-10-13 17:07:43 PM WARN: POST /api/chat 401 2ms 
{
  "req": {
    "url": "/api/chat",
    "headers": {
      "content-type": "application/json",
      "user-agent": "PostmanRuntime/7.48.0",
      "accept": "*/*",
      "postman-token": "05681cd4-e4d6-435a-88c8-8617a1cece46",
      "host": "localhost:3000",
      "accept-encoding": "gzip, deflate, br",
      "connection": "keep-alive",
      "content-length": "39"
    },
    "method": "POST",
    "httpVersion": "1.1",
    "originalUrl": "/api/chat",
    "query": {}
  },
  "res": {
    "statusCode": 401
  },
  "responseTime": 2
}
2025-10-13 17:10:17 PM INFO: Received SIGINT. Initiating graceful shutdown... 
2025-10-13 17:10:17 PM INFO: MongoDB disconnected 
2025-10-13 17:10:17 PM INFO: MongoDB disconnected 
2025-10-13 17:10:17 PM INFO: Redis disconnected 
2025-10-13 18:09:23 PM INFO: MongoDB connected 
2025-10-13 18:09:23 PM INFO: Redis connected 
2025-10-13 18:09:23 PM INFO: Server is running on port 3000 
2025-10-13 18:10:28 PM INFO: User logged in: 68ed1c84fb78deb21be548da 
2025-10-13 18:10:28 PM INFO: POST /api/auth/login 200 210ms 
{
  "req": {
    "url": "/api/auth/login",
    "headers": {
      "content-type": "application/json",
      "user-agent": "PostmanRuntime/7.48.0",
      "accept": "*/*",
      "postman-token": "35e0262d-13bf-472f-bce4-35476bf6486f",
      "host": "localhost:3000",
      "accept-encoding": "gzip, deflate, br",
      "connection": "keep-alive",
      "content-length": "60"
    },
    "method": "POST",
    "httpVersion": "1.1",
    "originalUrl": "/api/auth/login",
    "query": {}
  },
  "res": {
    "statusCode": 200
  },
  "responseTime": 210
}
2025-10-13 18:15:07 PM INFO: Auth header for POST /api/chat: Missing 
2025-10-13 18:15:07 PM ERROR: Authentication failed: No token provided 
2025-10-13 18:15:07 PM WARN: POST /api/chat 401 5ms 
{
  "req": {
    "url": "/api/chat",
    "headers": {
      "content-type": "application/json",
      "user-agent": "PostmanRuntime/7.48.0",
      "accept": "*/*",
      "postman-token": "ebe19f01-e85b-4fdd-96c9-72bea4112bc6",
      "host": "localhost:3000",
      "accept-encoding": "gzip, deflate, br",
      "connection": "keep-alive",
      "content-length": "39"
    },
    "method": "POST",
    "httpVersion": "1.1",
    "originalUrl": "/api/chat",
    "query": {}
  },
  "res": {
    "statusCode": 401
  },
  "responseTime": 5
}
2025-10-13 18:15:32 PM WARN: POST /chat 404 2ms 
{
  "req": {
    "url": "/chat",
    "headers": {
      "content-type": "application/json",
      "user-agent": "PostmanRuntime/7.48.0",
      "accept": "*/*",
      "postman-token": "97f6ff8d-1d33-4c31-a476-7ec690c91d38",
      "host": "localhost:3000",
      "accept-encoding": "gzip, deflate, br",
      "connection": "keep-alive",
      "content-length": "39"
    },
    "method": "POST",
    "httpVersion": "1.1",
    "originalUrl": "/chat",
    "query": {}
  },
  "res": {
    "statusCode": 404
  },
  "responseTime": 2
}
2025-10-13 18:15:42 PM INFO: Auth header for POST /api/chat: Missing 
2025-10-13 18:15:42 PM ERROR: Authentication failed: No token provided 
2025-10-13 18:15:42 PM WARN: POST /api/chat 401 2ms 
{
  "req": {
    "url": "/api/chat",
    "headers": {
      "content-type": "application/json",
      "user-agent": "PostmanRuntime/7.48.0",
      "accept": "*/*",
      "postman-token": "e354c264-e250-4560-b7e2-f00a32aec029",
      "host": "localhost:3000",
      "accept-encoding": "gzip, deflate, br",
      "connection": "keep-alive",
      "content-length": "39"
    },
    "method": "POST",
    "httpVersion": "1.1",
    "originalUrl": "/api/chat",
    "query": {}
  },
  "res": {
    "statusCode": 401
  },
  "responseTime": 2
}
2025-10-13 18:16:05 PM INFO: Auth header for POST /api/chat: Missing 
2025-10-13 18:16:05 PM ERROR: Authentication failed: No token provided 
2025-10-13 18:16:05 PM WARN: POST /api/chat 401 10ms 
{
  "req": {
    "url": "/api/chat",
    "headers": {
      "content-type": "application/json",
      "user-agent": "PostmanRuntime/7.48.0",
      "accept": "*/*",
      "postman-token": "07bf6875-5080-487d-b264-4e77c732d5d9",
      "host": "localhost:3000",
      "accept-encoding": "gzip, deflate, br",
      "connection": "keep-alive",
      "content-length": "39"
    },
    "method": "POST",
    "httpVersion": "1.1",
    "originalUrl": "/api/chat",
    "query": {}
  },
  "res": {
    "statusCode": 401
  },
  "responseTime": 10
}
2025-10-13 18:16:39 PM INFO: Auth header for POST /api/chat: Missing 
2025-10-13 18:16:39 PM ERROR: Authentication failed: No token provided 
2025-10-13 18:16:39 PM WARN: POST /api/chat 401 3ms 
{
  "req": {
    "url": "/api/chat",
    "headers": {
      "content-type": "application/json",
      "user-agent": "PostmanRuntime/7.48.0",
      "accept": "*/*",
      "postman-token": "06ac15fc-cfe6-4176-8c35-47c679b7ad8d",
      "host": "localhost:3000",
      "accept-encoding": "gzip, deflate, br",
      "connection": "keep-alive",
      "content-length": "39"
    },
    "method": "POST",
    "httpVersion": "1.1",
    "originalUrl": "/api/chat",
    "query": {}
  },
  "res": {
    "statusCode": 401
  },
  "responseTime": 3
}
2025-10-13 18:17:01 PM INFO: Auth header for POST /api/chat: Present 
2025-10-13 18:17:01 PM INFO: Decoded token: {"id":"68ed1c84fb78deb21be548da","isAdmin":false,"iat":1760375428,"exp":1760461828} 
2025-10-13 18:17:01 PM INFO: Authenticated userID: 68ed1c84fb78deb21be548da 
2025-10-13 18:17:01 PM ERROR: POST /api/chat 500 20ms 
{
  "req": {
    "url": "/api/chat",
    "headers": {
      "content-type": "application/json",
      "user-agent": "PostmanRuntime/7.48.0",
      "accept": "*/*",
      "postman-token": "1ac0077d-378b-4640-acda-60ba085fce4c",
      "host": "localhost:3000",
      "accept-encoding": "gzip, deflate, br",
      "connection": "keep-alive",
      "content-length": "39"
    },
    "method": "POST",
    "httpVersion": "1.1",
    "originalUrl": "/api/chat",
    "query": {}
  },
  "res": {
    "statusCode": 500
  },
  "responseTime": 20
}
2025-10-13 18:18:55 PM INFO: MongoDB connected 
2025-10-13 18:18:55 PM INFO: Redis connected 
2025-10-13 18:18:55 PM INFO: Server is running on port 3000 
2025-10-13 18:19:02 PM INFO: Auth header for POST /api/chat: Present 
2025-10-13 18:19:02 PM INFO: Decoded token: {"id":"68ed1c84fb78deb21be548da","isAdmin":false,"iat":1760375428,"exp":1760461828} 
2025-10-13 18:19:02 PM INFO: Authenticated userID: 68ed1c84fb78deb21be548da 
2025-10-13 18:19:03 PM INFO: POST /api/chat 200 1206ms 
{
  "req": {
    "url": "/api/chat",
    "headers": {
      "content-type": "application/json",
      "user-agent": "PostmanRuntime/7.48.0",
      "accept": "*/*",
      "postman-token": "87da6784-9b49-4560-9d46-39f549e1743c",
      "host": "localhost:3000",
      "accept-encoding": "gzip, deflate, br",
      "connection": "keep-alive",
      "content-length": "39"
    },
    "method": "POST",
    "httpVersion": "1.1",
    "originalUrl": "/api/chat",
    "query": {}
  },
  "res": {
    "statusCode": 200
  },
  "responseTime": 1206
}
2025-10-13 18:24:29 PM INFO: Auth header for POST /api/chat: Present 
2025-10-13 18:24:29 PM INFO: Decoded token: {"id":"68ed1c84fb78deb21be548da","isAdmin":false,"iat":1760375428,"exp":1760461828} 
2025-10-13 18:24:29 PM INFO: Authenticated userID: 68ed1c84fb78deb21be548da 
2025-10-13 18:24:29 PM WARN: POST /api/chat 400 18ms 
{
  "req": {
    "url": "/api/chat",
    "headers": {
      "content-type": "application/json",
      "user-agent": "PostmanRuntime/7.48.0",
      "accept": "*/*",
      "postman-token": "2517eb0d-7e66-4380-9509-b1107ea94190",
      "host": "localhost:3000",
      "accept-encoding": "gzip, deflate, br",
      "connection": "keep-alive",
      "content-length": "44"
    },
    "method": "POST",
    "httpVersion": "1.1",
    "originalUrl": "/api/chat",
    "query": {}
  },
  "res": {
    "statusCode": 400
  },
  "responseTime": 18
}
2025-10-13 18:26:08 PM INFO: Auth header for POST /api/chat: Present 
2025-10-13 18:26:08 PM INFO: Decoded token: {"id":"68ed1c84fb78deb21be548da","isAdmin":false,"iat":1760375428,"exp":1760461828} 
2025-10-13 18:26:08 PM INFO: Authenticated userID: 68ed1c84fb78deb21be548da 
2025-10-13 18:26:09 PM INFO: POST /api/chat 200 829ms 
{
  "req": {
    "url": "/api/chat",
    "headers": {
      "content-type": "application/json",
      "user-agent": "PostmanRuntime/7.48.0",
      "accept": "*/*",
      "postman-token": "4b76248b-1ce0-4fb2-8f40-c1174c885838",
      "host": "localhost:3000",
      "accept-encoding": "gzip, deflate, br",
      "connection": "keep-alive",
      "content-length": "91"
    },
    "method": "POST",
    "httpVersion": "1.1",
    "originalUrl": "/api/chat",
    "query": {}
  },
  "res": {
    "statusCode": 200
  },
  "responseTime": 829
}
