2025-10-13 16:36:37 PM ERROR: middlewareError 
{
  "error": {},
  "level": "error",
  "message": "uncaughtException: HttpStatus is not defined\nReferenceError: HttpStatus is not defined\n    at register (file:///home/mdstorms/diagnosy/backend/controllers/authentication.js:23:22)\n    at process.processTicksAndRejections (node:internal/process/task_queues:95:5)",
  "stack": "ReferenceError: HttpStatus is not defined\n    at register (file:///home/mdstorms/diagnosy/backend/controllers/authentication.js:23:22)\n    at process.processTicksAndRejections (node:internal/process/task_queues:95:5)",
  "exception": true,
  "date": "Mon Oct 13 2025 16:36:37 GMT+0100 (West Africa Standard Time)",
  "process": {
    "pid": 4804,
    "uid": 1000,
    "gid": 1000,
    "cwd": "/home/mdstorms/diagnosy/backend",
    "execPath": "/usr/bin/node",
    "version": "v18.19.1",
    "argv": [
      "/usr/bin/node",
      "/home/mdstorms/diagnosy/backend/server.js"
    ],
    "memoryUsage": {
      "rss": 95158272,
      "heapTotal": 35840000,
      "heapUsed": 31420056,
      "external": 20911790,
      "arrayBuffers": 18353413
    }
  },
  "os": {
    "loadavg": [
      0.02,
      0.09,
      0.08
    ],
    "uptime": 18978.48
  },
  "trace": [
    {
      "column": 22,
      "file": "file:///home/mdstorms/diagnosy/backend/controllers/authentication.js",
      "function": "register",
      "line": 23,
      "method": null,
      "native": false
    },
    {
      "column": 5,
      "file": "node:internal/process/task_queues",
      "function": "process.processTicksAndRejections",
      "line": 95,
      "method": "processTicksAndRejections",
      "native": false
    }
  ],
  "req": {
    "url": "/api/auth/register",
    "headers": {
      "content-type": "application/json",
      "user-agent": "PostmanRuntime/7.48.0",
      "accept": "*/*",
      "postman-token": "faf20f00-8646-40ca-b44c-58a0fe344ae4",
      "host": "localhost:3000",
      "accept-encoding": "gzip, deflate, br",
      "connection": "keep-alive",
      "content-length": "92"
    },
    "method": "POST",
    "httpVersion": "1.1",
    "originalUrl": "/api/auth/register",
    "query": {}
  }
}
2025-10-13 16:36:37 PM ERROR: Error: HttpStatus is not defined, Stack: ReferenceError: HttpStatus is not defined
    at register (file:///home/mdstorms/diagnosy/backend/controllers/authentication.js:23:22)
    at process.processTicksAndRejections (node:internal/process/task_queues:95:5) 
2025-10-13 16:36:37 PM ERROR: POST /api/auth/register 500 387ms 
{
  "req": {
    "url": "/api/auth/register",
    "headers": {
      "content-type": "application/json",
      "user-agent": "PostmanRuntime/7.48.0",
      "accept": "*/*",
      "postman-token": "faf20f00-8646-40ca-b44c-58a0fe344ae4",
      "host": "localhost:3000",
      "accept-encoding": "gzip, deflate, br",
      "connection": "keep-alive",
      "content-length": "92"
    },
    "method": "POST",
    "httpVersion": "1.1",
    "originalUrl": "/api/auth/register",
    "query": {}
  },
  "res": {
    "statusCode": 500
  },
  "responseTime": 387
}
2025-10-13 16:56:00 PM ERROR: Register failed: Email is already in use. 
2025-10-13 17:01:25 PM ERROR: Token verification failed: jwt expired 
2025-10-13 17:02:16 PM ERROR: Token verification failed: jwt expired 
2025-10-13 17:02:18 PM ERROR: Token verification failed: jwt expired 
2025-10-13 17:03:53 PM ERROR: Login failed: Invalid username or password. 
2025-10-13 17:07:26 PM ERROR: Token verification failed: jwt expired 
2025-10-13 17:07:33 PM ERROR: Token verification failed: jwt expired 
2025-10-13 18:15:07 PM ERROR: Authentication failed: No token provided 
2025-10-13 18:15:42 PM ERROR: Authentication failed: No token provided 
2025-10-13 18:16:05 PM ERROR: Authentication failed: No token provided 
2025-10-13 18:16:39 PM ERROR: Authentication failed: No token provided 
2025-10-13 18:17:01 PM ERROR: POST /api/chat 500 20ms 
{
  "req": {
    "url": "/api/chat",
    "headers": {
      "content-type": "application/json",
      "user-agent": "PostmanRuntime/7.48.0",
      "accept": "*/*",
      "postman-token": "1ac0077d-378b-4640-acda-60ba085fce4c",
      "host": "localhost:3000",
      "accept-encoding": "gzip, deflate, br",
      "connection": "keep-alive",
      "content-length": "39"
    },
    "method": "POST",
    "httpVersion": "1.1",
    "originalUrl": "/api/chat",
    "query": {}
  },
  "res": {
    "statusCode": 500
  },
  "responseTime": 20
}
