2025-10-29 03:05:40 AM ERROR: Authentication failed: Invalid or missing Authorization header 
2025-10-29 03:05:40 AM ERROR: Unhandled Rejection: TypeError: res.status is not a function 
2025-10-29 03:06:15 AM ERROR: Authentication failed: Invalid or missing Authorization header 
2025-10-29 03:06:15 AM ERROR: Unhandled Rejection: TypeError: res.status is not a function 
2025-10-29 03:06:39 AM ERROR: Authentication failed: Invalid or missing Authorization header 
2025-10-29 03:06:39 AM ERROR: Unhandled Rejection: TypeError: res.status is not a function 
2025-10-29 03:09:34 AM ERROR: Authentication failed: Invalid or missing Authorization header 
2025-10-29 03:09:34 AM ERROR: Unhandled Rejection: TypeError: res.status is not a function 
2025-10-29 03:10:04 AM ERROR: Authentication failed: Invalid or missing Authorization header 
2025-10-29 03:10:04 AM ERROR: Unhandled Rejection: TypeError: res.status is not a function 
2025-10-29 03:10:46 AM ERROR: Authentication failed: Invalid or missing Authorization header 
2025-10-29 03:10:46 AM ERROR: Unhandled Rejection: TypeError: res.status is not a function 
2025-10-29 03:13:08 AM ERROR: Authentication failed: Invalid or missing Authorization header 
2025-10-29 03:13:08 AM ERROR: Unhandled Rejection: TypeError: res.status is not a function 
2025-10-29 13:37:52 PM ERROR: WebSocket Error for User postman_tester_888: input must be a 24 character hex string, 12 byte Uint8Array, or an integer 
2025-10-29 14:55:40 PM ERROR: GeminiService.generateResponseStream error: 400 status code (no body) 
2025-10-29 14:55:40 PM ERROR: WebSocket Error for User 6900d53038ce155774f8749a: 400 status code (no body) 
2025-10-29 15:09:33 PM ERROR: GeminiService.generateResponseStream error: {"error":{"message":"{\n  \"error\": {\n    \"code\": 400,\n    \"message\": \"Please ensure that single turn requests end with a user role or the role field is empty.\",\n    \"status\": \"INVALID_ARGUMENT\"\n  }\n}\n","code":400,"status":"Bad Request"}} 
2025-10-29 15:09:33 PM ERROR: WebSocket Error for User 6900d53038ce155774f8749a: {"error":{"message":"{\n  \"error\": {\n    \"code\": 400,\n    \"message\": \"Please ensure that single turn requests end with a user role or the role field is empty.\",\n    \"status\": \"INVALID_ARGUMENT\"\n  }\n}\n","code":400,"status":"Bad Request"}} 
2025-10-29 15:22:36 PM ERROR: GeminiService.generateResponseStream error: {"error":{"message":"{\n  \"error\": {\n    \"code\": 503,\n    \"message\": \"The model is overloaded. Please try again later.\",\n    \"status\": \"UNAVAILABLE\"\n  }\n}\n","code":503,"status":"Service Unavailable"}} 
2025-10-29 15:22:36 PM ERROR: WebSocket Error for User 6900d53038ce155774f8749a: {"error":{"message":"{\n  \"error\": {\n    \"code\": 503,\n    \"message\": \"The model is overloaded. Please try again later.\",\n    \"status\": \"UNAVAILABLE\"\n  }\n}\n","code":503,"status":"Service Unavailable"}} 
2025-10-29 15:58:27 PM ERROR: Authentication failed: Invalid or missing Authorization header 
2025-10-29 16:36:05 PM ERROR: GeminiService.generateResponseStream error: {"error":{"message":"{\n  \"error\": {\n    \"code\": 503,\n    \"message\": \"The model is overloaded. Please try again later.\",\n    \"status\": \"UNAVAILABLE\"\n  }\n}\n","code":503,"status":"Service Unavailable"}} 
2025-10-29 16:36:05 PM ERROR: Stream processing or finalization error for user 6900d53038ce155774f8749a: {"error":{"message":"{\n  \"error\": {\n    \"code\": 503,\n    \"message\": \"The model is overloaded. Please try again later.\",\n    \"status\": \"UNAVAILABLE\"\n  }\n}\n","code":503,"status":"Service Unavailable"}} 
2025-10-29 16:39:02 PM ERROR: WS connection denied: Invalid token: jwt malformed 
2025-10-29 16:50:23 PM ERROR: uncaughtException: write EIO
Error: write EIO
    at afterWriteDispatched (node:internal/stream_base_commons:160:15)
    at writeGeneric (node:internal/stream_base_commons:151:3)
    at Socket._writeGeneric (node:net:963:11)
    at Socket._write (node:net:975:8)
    at writeOrBuffer (node:internal/streams/writable:392:12)
    at _write (node:internal/streams/writable:333:10)
    at Writable.write (node:internal/streams/writable:337:10)
    at Console.log (/home/mdstorms/diagnosy/backend/node_modules/winston/lib/winston/transports/console.js:87:23)
    at Console._write (/home/mdstorms/diagnosy/backend/node_modules/winston-transport/modern.js:103:17)
    at doWrite (/home/mdstorms/diagnosy/backend/node_modules/readable-stream/lib/_stream_writable.js:390:139) 
2025-10-29 16:50:23 PM ERROR: uncaughtException: write EIO
Error: write EIO
    at afterWriteDispatched (node:internal/stream_base_commons:160:15)
    at writeGeneric (node:internal/stream_base_commons:151:3)
    at Socket._writeGeneric (node:net:963:11)
    at Socket._write (node:net:975:8)
    at writeOrBuffer (node:internal/streams/writable:392:12)
    at _write (node:internal/streams/writable:333:10)
    at Writable.write (node:internal/streams/writable:337:10)
    at Console.log (/home/mdstorms/diagnosy/backend/node_modules/winston/lib/winston/transports/console.js:87:23)
    at Console._write (/home/mdstorms/diagnosy/backend/node_modules/winston-transport/modern.js:103:17)
    at doWrite (/home/mdstorms/diagnosy/backend/node_modules/readable-stream/lib/_stream_writable.js:390:139) 
2025-10-29 16:50:23 PM ERROR: uncaughtException: write EIO
Error: write EIO
    at afterWriteDispatched (node:internal/stream_base_commons:160:15)
    at writeGeneric (node:internal/stream_base_commons:151:3)
    at Socket._writeGeneric (node:net:963:11)
    at Socket._write (node:net:975:8)
    at writeOrBuffer (node:internal/streams/writable:392:12)
    at _write (node:internal/streams/writable:333:10)
    at Writable.write (node:internal/streams/writable:337:10)
    at Console.log (/home/mdstorms/diagnosy/backend/node_modules/winston/lib/winston/transports/console.js:87:23)
    at Console._write (/home/mdstorms/diagnosy/backend/node_modules/winston-transport/modern.js:103:17)
    at doWrite (/home/mdstorms/diagnosy/backend/node_modules/readable-stream/lib/_stream_writable.js:390:139) 
2025-10-29 16:50:23 PM ERROR: uncaughtException: write EIO
Error: write EIO
    at afterWriteDispatched (node:internal/stream_base_commons:160:15)
    at writeGeneric (node:internal/stream_base_commons:151:3)
    at Socket._writeGeneric (node:net:963:11)
    at Socket._write (node:net:975:8)
    at writeOrBuffer (node:internal/streams/writable:392:12)
    at _write (node:internal/streams/writable:333:10)
    at Writable.write (node:internal/streams/writable:337:10)
    at Console.log (/home/mdstorms/diagnosy/backend/node_modules/winston/lib/winston/transports/console.js:87:23)
    at Console._write (/home/mdstorms/diagnosy/backend/node_modules/winston-transport/modern.js:103:17)
    at doWrite (/home/mdstorms/diagnosy/backend/node_modules/readable-stream/lib/_stream_writable.js:390:139) 
