2025-10-24 20:52:19 PM ERROR: uncaughtException: bad auth : Authentication failed.
MongoServerError: bad auth : Authentication failed.
    at Connection.sendCommand (/home/mdstorms/diagnosy/backend/node_modules/mongodb/lib/cmap/connection.js:306:27)
    at process.processTicksAndRejections (node:internal/process/task_queues:95:5)
    at async Connection.command (/home/mdstorms/diagnosy/backend/node_modules/mongodb/lib/cmap/connection.js:334:26)
    at async executeScram (/home/mdstorms/diagnosy/backend/node_modules/mongodb/lib/cmap/auth/scram.js:79:22)
    at async ScramSHA256.auth (/home/mdstorms/diagnosy/backend/node_modules/mongodb/lib/cmap/auth/scram.js:39:16)
    at async performInitialHandshake (/home/mdstorms/diagnosy/backend/node_modules/mongodb/lib/cmap/connect.js:104:13)
    at async connect (/home/mdstorms/diagnosy/backend/node_modules/mongodb/lib/cmap/connect.js:24:9) 
2025-10-24 21:25:10 PM ERROR: uncaughtException: Socket closed unexpectedly
Error: Socket closed unexpectedly
    at Socket.<anonymous> (/home/mdstorms/diagnosy/backend/node_modules/@redis/client/dist/lib/client/socket.js:202:33)
    at Object.onceWrapper (node:events:632:26)
    at Socket.emit (node:events:517:28)
    at TCP.<anonymous> (node:net:351:12) 
2025-10-24 21:27:31 PM ERROR: uncaughtException: connect ECONNREFUSED 127.0.0.1:6379
Error: connect ECONNREFUSED 127.0.0.1:6379
    at TCPConnectWrap.afterConnect [as oncomplete] (node:net:1549:16) 
2025-10-24 21:29:50 PM ERROR: uncaughtException: write EIO
Error: write EIO
    at afterWriteDispatched (node:internal/stream_base_commons:160:15)
    at writeGeneric (node:internal/stream_base_commons:151:3)
    at Socket._writeGeneric (node:net:963:11)
    at Socket._write (node:net:975:8)
    at writeOrBuffer (node:internal/streams/writable:392:12)
    at _write (node:internal/streams/writable:333:10)
    at Writable.write (node:internal/streams/writable:337:10)
    at Console.log (/home/mdstorms/diagnosy/backend/node_modules/winston/lib/winston/transports/console.js:87:23)
    at Console._write (/home/mdstorms/diagnosy/backend/node_modules/winston-transport/modern.js:103:17)
    at doWrite (/home/mdstorms/diagnosy/backend/node_modules/readable-stream/lib/_stream_writable.js:390:139) 
2025-10-24 21:29:55 PM ERROR: uncaughtException: write EIO
Error: write EIO
    at afterWriteDispatched (node:internal/stream_base_commons:160:15)
    at writeGeneric (node:internal/stream_base_commons:151:3)
    at Socket._writeGeneric (node:net:963:11)
    at Socket._write (node:net:975:8)
    at writeOrBuffer (node:internal/streams/writable:392:12)
    at _write (node:internal/streams/writable:333:10)
    at Writable.write (node:internal/streams/writable:337:10)
    at Console.log (/home/mdstorms/diagnosy/backend/node_modules/winston/lib/winston/transports/console.js:87:23)
    at Console._write (/home/mdstorms/diagnosy/backend/node_modules/winston-transport/modern.js:103:17)
    at doWrite (/home/mdstorms/diagnosy/backend/node_modules/readable-stream/lib/_stream_writable.js:390:139) 
2025-10-24 21:39:04 PM ERROR: uncaughtException: write EIO
Error: write EIO
    at afterWriteDispatched (node:internal/stream_base_commons:160:15)
    at writeGeneric (node:internal/stream_base_commons:151:3)
    at Socket._writeGeneric (node:net:963:11)
    at Socket._write (node:net:975:8)
    at writeOrBuffer (node:internal/streams/writable:392:12)
    at _write (node:internal/streams/writable:333:10)
    at Writable.write (node:internal/streams/writable:337:10)
    at Console.log (/home/mdstorms/diagnosy/backend/node_modules/winston/lib/winston/transports/console.js:87:23)
    at Console._write (/home/mdstorms/diagnosy/backend/node_modules/winston-transport/modern.js:103:17)
    at doWrite (/home/mdstorms/diagnosy/backend/node_modules/readable-stream/lib/_stream_writable.js:390:139) 
2025-10-26 00:04:45 AM ERROR: uncaughtException: connect ECONNREFUSED 127.0.0.1:27017
MongooseServerSelectionError: connect ECONNREFUSED 127.0.0.1:27017
    at _handleConnectionErrors (/home/mdstorms/diagnosy/backend/node_modules/mongoose/lib/connection.js:1165:11)
    at NativeConnection.openUri (/home/mdstorms/diagnosy/backend/node_modules/mongoose/lib/connection.js:1096:11)
    at async DatabaseConfig.connect (file:///home/mdstorms/diagnosy/backend/config/mongod_database.js:9:7)
    at async file:///home/mdstorms/diagnosy/backend/app.js:8:1 
2025-10-29 16:50:23 PM ERROR: uncaughtException: write EIO
Error: write EIO
    at afterWriteDispatched (node:internal/stream_base_commons:160:15)
    at writeGeneric (node:internal/stream_base_commons:151:3)
    at Socket._writeGeneric (node:net:963:11)
    at Socket._write (node:net:975:8)
    at writeOrBuffer (node:internal/streams/writable:392:12)
    at _write (node:internal/streams/writable:333:10)
    at Writable.write (node:internal/streams/writable:337:10)
    at Console.log (/home/mdstorms/diagnosy/backend/node_modules/winston/lib/winston/transports/console.js:87:23)
    at Console._write (/home/mdstorms/diagnosy/backend/node_modules/winston-transport/modern.js:103:17)
    at doWrite (/home/mdstorms/diagnosy/backend/node_modules/readable-stream/lib/_stream_writable.js:390:139) 
2025-10-29 16:50:23 PM ERROR: uncaughtException: write EIO
Error: write EIO
    at afterWriteDispatched (node:internal/stream_base_commons:160:15)
    at writeGeneric (node:internal/stream_base_commons:151:3)
    at Socket._writeGeneric (node:net:963:11)
    at Socket._write (node:net:975:8)
    at writeOrBuffer (node:internal/streams/writable:392:12)
    at _write (node:internal/streams/writable:333:10)
    at Writable.write (node:internal/streams/writable:337:10)
    at Console.log (/home/mdstorms/diagnosy/backend/node_modules/winston/lib/winston/transports/console.js:87:23)
    at Console._write (/home/mdstorms/diagnosy/backend/node_modules/winston-transport/modern.js:103:17)
    at doWrite (/home/mdstorms/diagnosy/backend/node_modules/readable-stream/lib/_stream_writable.js:390:139) 
2025-10-29 16:50:23 PM ERROR: uncaughtException: write EIO
Error: write EIO
    at afterWriteDispatched (node:internal/stream_base_commons:160:15)
    at writeGeneric (node:internal/stream_base_commons:151:3)
    at Socket._writeGeneric (node:net:963:11)
    at Socket._write (node:net:975:8)
    at writeOrBuffer (node:internal/streams/writable:392:12)
    at _write (node:internal/streams/writable:333:10)
    at Writable.write (node:internal/streams/writable:337:10)
    at Console.log (/home/mdstorms/diagnosy/backend/node_modules/winston/lib/winston/transports/console.js:87:23)
    at Console._write (/home/mdstorms/diagnosy/backend/node_modules/winston-transport/modern.js:103:17)
    at doWrite (/home/mdstorms/diagnosy/backend/node_modules/readable-stream/lib/_stream_writable.js:390:139) 
2025-10-29 16:50:23 PM ERROR: uncaughtException: write EIO
Error: write EIO
    at afterWriteDispatched (node:internal/stream_base_commons:160:15)
    at writeGeneric (node:internal/stream_base_commons:151:3)
    at Socket._writeGeneric (node:net:963:11)
    at Socket._write (node:net:975:8)
    at writeOrBuffer (node:internal/streams/writable:392:12)
    at _write (node:internal/streams/writable:333:10)
    at Writable.write (node:internal/streams/writable:337:10)
    at Console.log (/home/mdstorms/diagnosy/backend/node_modules/winston/lib/winston/transports/console.js:87:23)
    at Console._write (/home/mdstorms/diagnosy/backend/node_modules/winston-transport/modern.js:103:17)
    at doWrite (/home/mdstorms/diagnosy/backend/node_modules/readable-stream/lib/_stream_writable.js:390:139) 
2025-10-29 16:50:23 PM ERROR: uncaughtException: write EIO
Error: write EIO
    at afterWriteDispatched (node:internal/stream_base_commons:160:15)
    at writeGeneric (node:internal/stream_base_commons:151:3)
    at Socket._writeGeneric (node:net:963:11)
    at Socket._write (node:net:975:8)
    at writeOrBuffer (node:internal/streams/writable:392:12)
    at _write (node:internal/streams/writable:333:10)
    at Writable.write (node:internal/streams/writable:337:10)
    at Console.log (/home/mdstorms/diagnosy/backend/node_modules/winston/lib/winston/transports/console.js:87:23)
    at Console._write (/home/mdstorms/diagnosy/backend/node_modules/winston-transport/modern.js:103:17)
    at doWrite (/home/mdstorms/diagnosy/backend/node_modules/readable-stream/lib/_stream_writable.js:390:139) 
